This is XeTeX, Version 3.141592653-2.6-0.999994 (TeX Live 2022) (preloaded format=xelatex 2023.3.13)  22 JUN 2023 13:33
entering extended mode
 restricted \write18 enabled.
 %&-line parsing enabled.
**bookdown-demo.tex
(./bookdown-demo.tex
LaTeX2e <2022-11-01> patch level 1
L3 programming layer <2023-02-22> (/Users/jmudge/Library/TinyTeX/texmf-dist/tex/latex/base/book.cls
Document Class: book 2022/07/02 v1.4n Standard LaTeX document class
(/Users/jmudge/Library/TinyTeX/texmf-dist/tex/latex/base/bk10.clo
File: bk10.clo 2022/07/02 v1.4n Standard LaTeX file (size option)
)
\c@part=\count181
\c@chapter=\count182
\c@section=\count183
\c@subsection=\count184
\c@subsubsection=\count185
\c@paragraph=\count186
\c@subparagraph=\count187
\c@figure=\count188
\c@table=\count189
\abovecaptionskip=\skip48
\belowcaptionskip=\skip49
\bibindent=\dimen140
) (/Users/jmudge/Library/TinyTeX/texmf-dist/tex/latex/amsmath/amsmath.sty
Package: amsmath 2022/04/08 v2.17n AMS math features
\@mathmargin=\skip50
For additional information on amsmath, use the `?' option.
(/Users/jmudge/Library/TinyTeX/texmf-dist/tex/latex/amsmath/amstext.sty
Package: amstext 2021/08/26 v2.01 AMS text
(/Users/jmudge/Library/TinyTeX/texmf-dist/tex/latex/amsmath/amsgen.sty
File: amsgen.sty 1999/11/30 v2.0 generic functions
\@emptytoks=\toks16
\ex@=\dimen141
)) (/Users/jmudge/Library/TinyTeX/texmf-dist/tex/latex/amsmath/amsbsy.sty
Package: amsbsy 1999/11/29 v1.2d Bold Symbols
\pmbraise@=\dimen142
) (/Users/jmudge/Library/TinyTeX/texmf-dist/tex/latex/amsmath/amsopn.sty
Package: amsopn 2022/04/08 v2.04 operator names
)
\inf@bad=\count190
LaTeX Info: Redefining \frac on input line 234.
\uproot@=\count191
\leftroot@=\count192
LaTeX Info: Redefining \overline on input line 399.
LaTeX Info: Redefining \colon on input line 410.
\classnum@=\count193
\DOTSCASE@=\count194
LaTeX Info: Redefining \ldots on input line 496.
LaTeX Info: Redefining \dots on input line 499.
LaTeX Info: Redefining \cdots on input line 620.
\Mathstrutbox@=\box51
\strutbox@=\box52
LaTeX Info: Redefining \big on input line 722.
LaTeX Info: Redefining \Big on input line 723.
LaTeX Info: Redefining \bigg on input line 724.
LaTeX Info: Redefining \Bigg on input line 725.
\big@size=\dimen143
LaTeX Font Info:    Redeclaring font encoding OML on input line 743.
LaTeX Font Info:    Redeclaring font encoding OMS on input line 744.
\macc@depth=\count195
LaTeX Info: Redefining \bmod on input line 905.
LaTeX Info: Redefining \pmod on input line 910.
LaTeX Info: Redefining \smash on input line 940.
LaTeX Info: Redefining \relbar on input line 970.
LaTeX Info: Redefining \Relbar on input line 971.
\c@MaxMatrixCols=\count196
\dotsspace@=\muskip16
\c@parentequation=\count197
\dspbrk@lvl=\count198
\tag@help=\toks17
\row@=\count199
\column@=\count266
\maxfields@=\count267
\andhelp@=\toks18
\eqnshift@=\dimen144
\alignsep@=\dimen145
\tagshift@=\dimen146
\tagwidth@=\dimen147
\totwidth@=\dimen148
\lineht@=\dimen149
\@envbody=\toks19
\multlinegap=\skip51
\multlinetaggap=\skip52
\mathdisplay@stack=\toks20
LaTeX Info: Redefining \[ on input line 2953.
LaTeX Info: Redefining \] on input line 2954.
) (/Users/jmudge/Library/TinyTeX/texmf-dist/tex/latex/amsfonts/amssymb.sty
Package: amssymb 2013/01/14 v3.01 AMS font symbols
(/Users/jmudge/Library/TinyTeX/texmf-dist/tex/latex/amsfonts/amsfonts.sty
Package: amsfonts 2013/01/14 v3.01 Basic AMSFonts support
\symAMSa=\mathgroup4
\symAMSb=\mathgroup5
LaTeX Font Info:    Redeclaring math symbol \hbar on input line 98.
LaTeX Font Info:    Overwriting math alphabet `\mathfrak' in version `bold'
(Font)                  U/euf/m/n --> U/euf/b/n on input line 106.
)) (/Users/jmudge/Library/TinyTeX/texmf-dist/tex/generic/iftex/iftex.sty
Package: iftex 2022/02/03 v1.0f TeX engine tests
) (/Users/jmudge/Library/TinyTeX/texmf-dist/tex/latex/unicode-math/unicode-math.sty (/Users/jmudge/Library/TinyTeX/texmf-dist/tex/latex/l3kernel/expl3.sty
Package: expl3 2023-02-22 L3 programming layer (loader) 
(/Users/jmudge/Library/TinyTeX/texmf-dist/tex/latex/l3backend/l3backend-xetex.def
File: l3backend-xetex.def 2023-01-16 L3 backend support: XeTeX
\g__graphics_track_int=\count268
\l__pdf_internal_box=\box53
\g__pdf_backend_object_int=\count269
\g__pdf_backend_annotation_int=\count270
\g__pdf_backend_link_int=\count271
))
Package: unicode-math 2020/01/31 v0.8q Unicode maths in XeLaTeX and LuaLaTeX
(/Users/jmudge/Library/TinyTeX/texmf-dist/tex/latex/unicode-math/unicode-math-xetex.sty
Package: unicode-math-xetex 2020/01/31 v0.8q Unicode maths in XeLaTeX and LuaLaTeX
(/Users/jmudge/Library/TinyTeX/texmf-dist/tex/latex/l3packages/xparse/xparse.sty
Package: xparse 2023-02-02 L3 Experimental document command parser
) (/Users/jmudge/Library/TinyTeX/texmf-dist/tex/latex/l3packages/l3keys2e/l3keys2e.sty
Package: l3keys2e 2023-02-02 LaTeX2e option processing using LaTeX3 keys
) (/Users/jmudge/Library/TinyTeX/texmf-dist/tex/latex/fontspec/fontspec.sty
Package: fontspec 2022/01/15 v2.8a Font selection for XeLaTeX and LuaLaTeX
(/Users/jmudge/Library/TinyTeX/texmf-dist/tex/latex/fontspec/fontspec-xetex.sty
Package: fontspec-xetex 2022/01/15 v2.8a Font selection for XeLaTeX and LuaLaTeX
\l__fontspec_script_int=\count272
\l__fontspec_language_int=\count273
\l__fontspec_strnum_int=\count274
\l__fontspec_tmp_int=\count275
\l__fontspec_tmpa_int=\count276
\l__fontspec_tmpb_int=\count277
\l__fontspec_tmpc_int=\count278
\l__fontspec_em_int=\count279
\l__fontspec_emdef_int=\count280
\l__fontspec_strong_int=\count281
\l__fontspec_strongdef_int=\count282
\l__fontspec_tmpa_dim=\dimen150
\l__fontspec_tmpb_dim=\dimen151
\l__fontspec_tmpc_dim=\dimen152
(/Users/jmudge/Library/TinyTeX/texmf-dist/tex/latex/base/fontenc.sty
Package: fontenc 2021/04/29 v2.0v Standard LaTeX package
) (/Users/jmudge/Library/TinyTeX/texmf-dist/tex/latex/fontspec/fontspec.cfg))) (/Users/jmudge/Library/TinyTeX/texmf-dist/tex/latex/base/fix-cm.sty
Package: fix-cm 2020/11/24 v1.1t fixes to LaTeX
(/Users/jmudge/Library/TinyTeX/texmf-dist/tex/latex/base/ts1enc.def
File: ts1enc.def 2001/06/05 v3.0e (jk/car/fm) Standard LaTeX file
LaTeX Font Info:    Redeclaring font encoding TS1 on input line 47.
))
\g__um_fam_int=\count283
\g__um_fonts_used_int=\count284
\l__um_primecount_int=\count285
\g__um_primekern_muskip=\muskip17
(/Users/jmudge/Library/TinyTeX/texmf-dist/tex/latex/unicode-math/unicode-math-table.tex))) (/Users/jmudge/Library/TinyTeX/texmf-dist/tex/latex/lm/lmodern.sty
Package: lmodern 2015/05/01 v1.6.1 Latin Modern Fonts
LaTeX Font Info:    Overwriting symbol font `operators' in version `normal'
(Font)                  OT1/cmr/m/n --> OT1/lmr/m/n on input line 22.
LaTeX Font Info:    Overwriting symbol font `letters' in version `normal'
(Font)                  OML/cmm/m/it --> OML/lmm/m/it on input line 23.
LaTeX Font Info:    Overwriting symbol font `symbols' in version `normal'
(Font)                  OMS/cmsy/m/n --> OMS/lmsy/m/n on input line 24.
LaTeX Font Info:    Overwriting symbol font `largesymbols' in version `normal'
(Font)                  OMX/cmex/m/n --> OMX/lmex/m/n on input line 25.
LaTeX Font Info:    Overwriting symbol font `operators' in version `bold'
(Font)                  OT1/cmr/bx/n --> OT1/lmr/bx/n on input line 26.
LaTeX Font Info:    Overwriting symbol font `letters' in version `bold'
(Font)                  OML/cmm/b/it --> OML/lmm/b/it on input line 27.
LaTeX Font Info:    Overwriting symbol font `symbols' in version `bold'
(Font)                  OMS/cmsy/b/n --> OMS/lmsy/b/n on input line 28.
LaTeX Font Info:    Overwriting symbol font `largesymbols' in version `bold'
(Font)                  OMX/cmex/m/n --> OMX/lmex/m/n on input line 29.
LaTeX Font Info:    Overwriting math alphabet `\mathbf' in version `normal'
(Font)                  OT1/cmr/bx/n --> OT1/lmr/bx/n on input line 31.
LaTeX Font Info:    Overwriting math alphabet `\mathsf' in version `normal'
(Font)                  OT1/cmss/m/n --> OT1/lmss/m/n on input line 32.
LaTeX Font Info:    Overwriting math alphabet `\mathit' in version `normal'
(Font)                  OT1/cmr/m/it --> OT1/lmr/m/it on input line 33.
LaTeX Font Info:    Overwriting math alphabet `\mathtt' in version `normal'
(Font)                  OT1/cmtt/m/n --> OT1/lmtt/m/n on input line 34.
LaTeX Font Info:    Overwriting math alphabet `\mathbf' in version `bold'
(Font)                  OT1/cmr/bx/n --> OT1/lmr/bx/n on input line 35.
LaTeX Font Info:    Overwriting math alphabet `\mathsf' in version `bold'
(Font)                  OT1/cmss/bx/n --> OT1/lmss/bx/n on input line 36.
LaTeX Font Info:    Overwriting math alphabet `\mathit' in version `bold'
(Font)                  OT1/cmr/bx/it --> OT1/lmr/bx/it on input line 37.
LaTeX Font Info:    Overwriting math alphabet `\mathtt' in version `bold'
(Font)                  OT1/cmtt/m/n --> OT1/lmtt/m/n on input line 38.
) (/Users/jmudge/Library/TinyTeX/texmf-dist/tex/latex/xcolor/xcolor.sty
Package: xcolor 2022/06/12 v2.14 LaTeX color extensions (UK)
(/Users/jmudge/Library/TinyTeX/texmf-dist/tex/latex/graphics-cfg/color.cfg
File: color.cfg 2016/01/02 v1.6 sample color configuration
)
Package xcolor Info: Driver file: xetex.def on input line 227.
(/Users/jmudge/Library/TinyTeX/texmf-dist/tex/latex/graphics-def/xetex.def
File: xetex.def 2022/09/22 v5.0n Graphics/color driver for xetex
) (/Users/jmudge/Library/TinyTeX/texmf-dist/tex/latex/graphics/mathcolor.ltx)
Package xcolor Info: Model `cmy' substituted by `cmy0' on input line 1353.
Package xcolor Info: Model `RGB' extended on input line 1369.
Package xcolor Info: Model `HTML' substituted by `rgb' on input line 1371.
Package xcolor Info: Model `Hsb' substituted by `hsb' on input line 1372.
Package xcolor Info: Model `tHsb' substituted by `hsb' on input line 1373.
Package xcolor Info: Model `HSB' substituted by `hsb' on input line 1374.
Package xcolor Info: Model `Gray' substituted by `gray' on input line 1375.
Package xcolor Info: Model `wave' substituted by `hsb' on input line 1376.
) (/Users/jmudge/Library/TinyTeX/texmf-dist/tex/latex/tools/longtable.sty
Package: longtable 2021-09-01 v4.17 Multi-page Table package (DPC)
\LTleft=\skip53
\LTright=\skip54
\LTpre=\skip55
\LTpost=\skip56
\LTchunksize=\count286
\LTcapwidth=\dimen153
\LT@head=\box54
\LT@firsthead=\box55
\LT@foot=\box56
\LT@lastfoot=\box57
\LT@gbox=\box58
\LT@cols=\count287
\LT@rows=\count288
\c@LT@tables=\count289
\c@LT@chunks=\count290
\LT@p@ftn=\toks21
) (/Users/jmudge/Library/TinyTeX/texmf-dist/tex/latex/booktabs/booktabs.sty
Package: booktabs 2020/01/12 v1.61803398 Publication quality tables
\heavyrulewidth=\dimen154
\lightrulewidth=\dimen155
\cmidrulewidth=\dimen156
\belowrulesep=\dimen157
\belowbottomsep=\dimen158
\aboverulesep=\dimen159
\abovetopsep=\dimen160
\cmidrulesep=\dimen161
\cmidrulekern=\dimen162
\defaultaddspace=\dimen163
\@cmidla=\count291
\@cmidlb=\count292
\@aboverulesep=\dimen164
\@belowrulesep=\dimen165
\@thisruleclass=\count293
\@lastruleclass=\count294
\@thisrulewidth=\dimen166
) (/Users/jmudge/Library/TinyTeX/texmf-dist/tex/latex/tools/array.sty
Package: array 2022/09/04 v2.5g Tabular extension package (FMi)
\col@sep=\dimen167
\ar@mcellbox=\box59
\extrarowheight=\dimen168
\NC@list=\toks22
\extratabsurround=\skip57
\backup@length=\skip58
\ar@cellbox=\box60
) (/Users/jmudge/Library/TinyTeX/texmf-dist/tex/latex/tools/calc.sty
Package: calc 2017/05/25 v4.3 Infix arithmetic (KKT,FJ)
\calc@Acount=\count295
\calc@Bcount=\count296
\calc@Adimen=\dimen169
\calc@Bdimen=\dimen170
\calc@Askip=\skip59
\calc@Bskip=\skip60
LaTeX Info: Redefining \setlength on input line 80.
LaTeX Info: Redefining \addtolength on input line 81.
\calc@Ccount=\count297
\calc@Cskip=\skip61
) (/Users/jmudge/Library/TinyTeX/texmf-dist/tex/latex/etoolbox/etoolbox.sty
Package: etoolbox 2020/10/05 v2.5k e-TeX tools for LaTeX (JAW)
\etb@tempcnta=\count298
) (/Users/jmudge/Library/TinyTeX/texmf-dist/tex/latex/mdwtools/footnote.sty
Package: footnote 1997/01/28 1.13 Save footnotes around boxes
\fn@notes=\box61
\fn@width=\dimen171
) (/Users/jmudge/Library/TinyTeX/texmf-dist/tex/latex/graphics/graphicx.sty
Package: graphicx 2021/09/16 v1.2d Enhanced LaTeX Graphics (DPC,SPQR)
(/Users/jmudge/Library/TinyTeX/texmf-dist/tex/latex/graphics/keyval.sty
Package: keyval 2022/05/29 v1.15 key=value parser (DPC)
\KV@toks@=\toks23
) (/Users/jmudge/Library/TinyTeX/texmf-dist/tex/latex/graphics/graphics.sty
Package: graphics 2022/03/10 v1.4e Standard LaTeX Graphics (DPC,SPQR)
(/Users/jmudge/Library/TinyTeX/texmf-dist/tex/latex/graphics/trig.sty
Package: trig 2021/08/11 v1.11 sin cos tan (DPC)
) (/Users/jmudge/Library/TinyTeX/texmf-dist/tex/latex/graphics-cfg/graphics.cfg
File: graphics.cfg 2016/06/04 v1.11 sample graphics configuration
)
Package graphics Info: Driver file: xetex.def on input line 107.
)
\Gin@req@height=\dimen172
\Gin@req@width=\dimen173
) (/Users/jmudge/Library/TinyTeX/texmf-dist/tex/latex/amscls/amsthm.sty
Package: amsthm 2020/05/29 v2.20.6
\thm@style=\toks24
\thm@bodyfont=\toks25
\thm@headfont=\toks26
\thm@notefont=\toks27
\thm@headpunct=\toks28
\thm@preskip=\skip62
\thm@postskip=\skip63
\thm@headsep=\skip64
\dth@everypar=\toks29
) (/Users/jmudge/Library/TinyTeX/texmf-dist/tex/latex/natbib/natbib.sty
Package: natbib 2010/09/13 8.31b (PWD, AO)
\bibhang=\skip65
\bibsep=\skip66
LaTeX Info: Redefining \cite on input line 694.
\c@NAT@ctr=\count299
) (/Users/jmudge/Library/TinyTeX/texmf-dist/tex/latex/hyperref/hyperref.sty
Package: hyperref 2023-02-07 v7.00v Hypertext links for LaTeX
(/Users/jmudge/Library/TinyTeX/texmf-dist/tex/generic/ltxcmds/ltxcmds.sty
Package: ltxcmds 2020-05-10 v1.25 LaTeX kernel commands for general use (HO)
) (/Users/jmudge/Library/TinyTeX/texmf-dist/tex/generic/pdftexcmds/pdftexcmds.sty
Package: pdftexcmds 2020-06-27 v0.33 Utility functions of pdfTeX for LuaTeX (HO)
(/Users/jmudge/Library/TinyTeX/texmf-dist/tex/generic/infwarerr/infwarerr.sty
Package: infwarerr 2019/12/03 v1.5 Providing info/warning/error messages (HO)
)
Package pdftexcmds Info: \pdf@primitive is available.
Package pdftexcmds Info: \pdf@ifprimitive is available.
Package pdftexcmds Info: \pdfdraftmode not found.
) (/Users/jmudge/Library/TinyTeX/texmf-dist/tex/latex/kvsetkeys/kvsetkeys.sty
Package: kvsetkeys 2022-10-05 v1.19 Key value parser (HO)
) (/Users/jmudge/Library/TinyTeX/texmf-dist/tex/generic/kvdefinekeys/kvdefinekeys.sty
Package: kvdefinekeys 2019-12-19 v1.6 Define keys (HO)
) (/Users/jmudge/Library/TinyTeX/texmf-dist/tex/generic/pdfescape/pdfescape.sty
Package: pdfescape 2019/12/09 v1.15 Implements pdfTeX's escape features (HO)
) (/Users/jmudge/Library/TinyTeX/texmf-dist/tex/latex/hycolor/hycolor.sty
Package: hycolor 2020-01-27 v1.10 Color options for hyperref/bookmark (HO)
) (/Users/jmudge/Library/TinyTeX/texmf-dist/tex/latex/letltxmacro/letltxmacro.sty
Package: letltxmacro 2019/12/03 v1.6 Let assignment for LaTeX macros (HO)
) (/Users/jmudge/Library/TinyTeX/texmf-dist/tex/latex/auxhook/auxhook.sty
Package: auxhook 2019-12-17 v1.6 Hooks for auxiliary files (HO)
) (/Users/jmudge/Library/TinyTeX/texmf-dist/tex/latex/hyperref/nameref.sty
Package: nameref 2022-05-17 v2.50 Cross-referencing by name of section
(/Users/jmudge/Library/TinyTeX/texmf-dist/tex/latex/refcount/refcount.sty
Package: refcount 2019/12/15 v3.6 Data extraction from label references (HO)
) (/Users/jmudge/Library/TinyTeX/texmf-dist/tex/generic/gettitlestring/gettitlestring.sty
Package: gettitlestring 2019/12/15 v1.6 Cleanup title references (HO)
(/Users/jmudge/Library/TinyTeX/texmf-dist/tex/latex/kvoptions/kvoptions.sty
Package: kvoptions 2022-06-15 v3.15 Key value format for package options (HO)
))
\c@section@level=\count300
)
\@linkdim=\dimen174
\Hy@linkcounter=\count301
\Hy@pagecounter=\count302
(/Users/jmudge/Library/TinyTeX/texmf-dist/tex/latex/hyperref/pd1enc.def
File: pd1enc.def 2023-02-07 v7.00v Hyperref: PDFDocEncoding definition (HO)
) (/Users/jmudge/Library/TinyTeX/texmf-dist/tex/generic/intcalc/intcalc.sty
Package: intcalc 2019/12/15 v1.3 Expandable calculations with integers (HO)
) (/Users/jmudge/Library/TinyTeX/texmf-dist/tex/generic/etexcmds/etexcmds.sty
Package: etexcmds 2019/12/15 v1.7 Avoid name clashes with e-TeX commands (HO)
)
\Hy@SavedSpaceFactor=\count303
(/Users/jmudge/Library/TinyTeX/texmf-dist/tex/latex/hyperref/puenc.def
File: puenc.def 2023-02-07 v7.00v Hyperref: PDF Unicode definition (HO)
)
Package hyperref Info: Option `unicode' set `true' on input line 4060.
Package hyperref Info: Hyper figures OFF on input line 4177.
Package hyperref Info: Link nesting OFF on input line 4182.
Package hyperref Info: Hyper index ON on input line 4185.
Package hyperref Info: Plain pages OFF on input line 4192.
Package hyperref Info: Backreferencing OFF on input line 4197.
Package hyperref Info: Implicit mode ON; LaTeX internals redefined.
Package hyperref Info: Bookmarks ON on input line 4425.
\c@Hy@tempcnt=\count304
(/Users/jmudge/Library/TinyTeX/texmf-dist/tex/latex/url/url.sty
\Urlmuskip=\muskip18
Package: url 2013/09/16  ver 3.4  Verb mode for urls, etc.
)
LaTeX Info: Redefining \url on input line 4763.
\XeTeXLinkMargin=\dimen175
(/Users/jmudge/Library/TinyTeX/texmf-dist/tex/generic/bitset/bitset.sty
Package: bitset 2019/12/09 v1.3 Handle bit-vector datatype (HO)
(/Users/jmudge/Library/TinyTeX/texmf-dist/tex/generic/bigintcalc/bigintcalc.sty
Package: bigintcalc 2019/12/15 v1.5 Expandable calculations on big integers (HO)
))
\Fld@menulength=\count305
\Field@Width=\dimen176
\Fld@charsize=\dimen177
Package hyperref Info: Hyper figures OFF on input line 6042.
Package hyperref Info: Link nesting OFF on input line 6047.
Package hyperref Info: Hyper index ON on input line 6050.
Package hyperref Info: backreferencing OFF on input line 6057.
Package hyperref Info: Link coloring OFF on input line 6062.
Package hyperref Info: Link coloring with OCG OFF on input line 6067.
Package hyperref Info: PDF/A mode OFF on input line 6072.
(/Users/jmudge/Library/TinyTeX/texmf-dist/tex/latex/base/atbegshi-ltx.sty
Package: atbegshi-ltx 2021/01/10 v1.0c Emulation of the original atbegshi
package with kernel methods
)
\Hy@abspage=\count306
\c@Item=\count307
\c@Hfootnote=\count308
)
Package hyperref Info: Driver (autodetected): hxetex.
(/Users/jmudge/Library/TinyTeX/texmf-dist/tex/latex/hyperref/hxetex.def
File: hxetex.def 2023-02-07 v7.00v Hyperref driver for XeTeX
(/Users/jmudge/Library/TinyTeX/texmf-dist/tex/generic/stringenc/stringenc.sty
Package: stringenc 2019/11/29 v1.12 Convert strings between diff. encodings (HO)
)
\pdfm@box=\box62
\c@Hy@AnnotLevel=\count309
\HyField@AnnotCount=\count310
\Fld@listcount=\count311
\c@bookmark@seq@number=\count312
(/Users/jmudge/Library/TinyTeX/texmf-dist/tex/latex/rerunfilecheck/rerunfilecheck.sty
Package: rerunfilecheck 2022-07-10 v1.10 Rerun checks for auxiliary files (HO)
(/Users/jmudge/Library/TinyTeX/texmf-dist/tex/latex/base/atveryend-ltx.sty
Package: atveryend-ltx 2020/08/19 v1.0a Emulation of the original atveryend package
with kernel methods
) (/Users/jmudge/Library/TinyTeX/texmf-dist/tex/generic/uniquecounter/uniquecounter.sty
Package: uniquecounter 2019/12/15 v1.4 Provide unlimited unique counter (HO)
)
Package uniquecounter Info: New unique counter `rerunfilecheck' on input line 285.
)
\Hy@SectionHShift=\skip67
)
No file bookdown-demo.aux.
\openout1 = `bookdown-demo.aux'.

LaTeX Font Info:    Checking defaults for OML/cmm/m/it on input line 91.
LaTeX Font Info:    ... okay on input line 91.
LaTeX Font Info:    Checking defaults for OMS/cmsy/m/n on input line 91.
LaTeX Font Info:    ... okay on input line 91.
LaTeX Font Info:    Checking defaults for OT1/cmr/m/n on input line 91.
LaTeX Font Info:    ... okay on input line 91.
LaTeX Font Info:    Checking defaults for T1/cmr/m/n on input line 91.
LaTeX Font Info:    ... okay on input line 91.
LaTeX Font Info:    Checking defaults for TS1/cmr/m/n on input line 91.
LaTeX Font Info:    ... okay on input line 91.
LaTeX Font Info:    Checking defaults for TU/lmr/m/n on input line 91.
LaTeX Font Info:    ... okay on input line 91.
LaTeX Font Info:    Checking defaults for OMX/cmex/m/n on input line 91.
LaTeX Font Info:    ... okay on input line 91.
LaTeX Font Info:    Checking defaults for U/cmr/m/n on input line 91.
LaTeX Font Info:    ... okay on input line 91.
LaTeX Font Info:    Checking defaults for PD1/pdf/m/n on input line 91.
LaTeX Font Info:    ... okay on input line 91.
LaTeX Font Info:    Checking defaults for PU/pdf/m/n on input line 91.
LaTeX Font Info:    ... okay on input line 91.
LaTeX Font Info:    Overwriting math alphabet `\mathrm' in version `normal'
(Font)                  OT1/lmr/m/n --> TU/lmr/m/n on input line 91.
LaTeX Font Info:    Overwriting math alphabet `\mathit' in version `normal'
(Font)                  OT1/lmr/m/it --> TU/lmr/m/it on input line 91.
LaTeX Font Info:    Overwriting math alphabet `\mathbf' in version `normal'
(Font)                  OT1/lmr/bx/n --> TU/lmr/bx/n on input line 91.
LaTeX Font Info:    Overwriting math alphabet `\mathsf' in version `normal'
(Font)                  OT1/lmss/m/n --> TU/lmss/m/n on input line 91.
LaTeX Font Info:    Overwriting math alphabet `\mathsf' in version `bold'
(Font)                  OT1/lmss/bx/n --> TU/lmss/bx/n on input line 91.
LaTeX Font Info:    Overwriting math alphabet `\mathtt' in version `normal'
(Font)                  OT1/lmtt/m/n --> TU/lmtt/m/n on input line 91.
LaTeX Font Info:    Overwriting math alphabet `\mathtt' in version `bold'
(Font)                  OT1/lmtt/m/n --> TU/lmtt/bx/n on input line 91.

Package fontspec Info: latinmodern-math scale = 0.9999964596882403.


Package fontspec Info: latinmodern-math scale = 0.9999964596882403.


Package fontspec Info: latinmodern-math scale = 0.9999964596882403.


Package fontspec Info: Font family 'latinmodern-math.otf(0)' created for font
(fontspec)             'latinmodern-math.otf' with options
(fontspec)             [Scale=MatchLowercase,BoldItalicFont={},ItalicFont={},SmallCapsFont={},Script=Math,BoldFont={latinmodern-math.otf}].
(fontspec)              
(fontspec)              This font family consists of the following NFSS
(fontspec)             series/shapes:
(fontspec)              
(fontspec)             - 'normal' (m/n) with NFSS spec.:
(fontspec)             <->s*[0.9999964596882403]"[latinmodern-math.otf]/OT:script=math;language=dflt;"
(fontspec)             - 'small caps'  (m/sc) with NFSS spec.: 
(fontspec)             - 'bold' (b/n) with NFSS spec.:
(fontspec)             <->s*[0.9999964596882403]"[latinmodern-math.otf]/OT:script=math;language=dflt;"
(fontspec)             - 'bold small caps'  (b/sc) with NFSS spec.: 

LaTeX Font Info:    Font shape `TU/latinmodern-math.otf(0)/m/n' will be
(Font)              scaled to size 10.0pt on input line 91.

Package fontspec Info: latinmodern-math scale = 0.9999964596882403.


Package fontspec Info: latinmodern-math scale = 0.9999964596882403.


Package fontspec Info: latinmodern-math scale = 0.9999964596882403.


Package fontspec Info: latinmodern-math scale = 0.9999964596882403.


Package fontspec Info: latinmodern-math scale = 0.9999964596882403.


Package fontspec Info: Font family 'latinmodern-math.otf(1)' created for font
(fontspec)             'latinmodern-math.otf' with options
(fontspec)             [Scale=MatchLowercase,BoldItalicFont={},ItalicFont={},SmallCapsFont={},Script=Math,SizeFeatures={{Size=8.5-},{Size=6-8.5,Font=latinmodern-math.otf,Style=MathScript},{Size=-6,Font=latinmodern-math.otf,Style=MathScriptScript}},BoldFont={latinmodern-math.otf}].
(fontspec)              
(fontspec)              This font family consists of the following NFSS
(fontspec)             series/shapes:
(fontspec)              
(fontspec)             - 'normal' (m/n) with NFSS spec.:
(fontspec)             <8.5->s*[0.9999964596882403]"[latinmodern-math.otf]/OT:script=math;language=dflt;"<6-8.5>s*[0.9999964596882403]"[latinmodern-math.otf]/OT:script=math;language=dflt;+ssty=0;"<-6>s*[0.9999964596882403]"[latinmodern-math.otf]/OT:script=math;language=dflt;+ssty=1;"
(fontspec)             - 'small caps'  (m/sc) with NFSS spec.: 
(fontspec)             - 'bold' (b/n) with NFSS spec.:
(fontspec)             <->s*[0.9999964596882403]"[latinmodern-math.otf]/OT:script=math;language=dflt;"
(fontspec)             - 'bold small caps'  (b/sc) with NFSS spec.: 

LaTeX Font Info:    Font shape `TU/latinmodern-math.otf(1)/m/n' will be
(Font)              scaled to size 10.0pt on input line 91.
LaTeX Font Info:    Encoding `OT1' has changed to `TU' for symbol font
(Font)              `operators' in the math version `normal' on input line 91.
LaTeX Font Info:    Overwriting symbol font `operators' in version `normal'
(Font)                  OT1/lmr/m/n --> TU/latinmodern-math.otf(1)/m/n on input line 91.
LaTeX Font Info:    Encoding `OT1' has changed to `TU' for symbol font
(Font)              `operators' in the math version `bold' on input line 91.
LaTeX Font Info:    Overwriting symbol font `operators' in version `bold'
(Font)                  OT1/lmr/bx/n --> TU/latinmodern-math.otf(1)/b/n on input line 91.

Package fontspec Info: latinmodern-math scale = 0.9999964596882403.


Package fontspec Info: latinmodern-math scale = 1.000096459334209.


Package fontspec Info: latinmodern-math scale = 0.9999964596882403.


Package fontspec Info: latinmodern-math scale = 1.000096459334209.


Package fontspec Info: latinmodern-math scale = 0.9999964596882403.


Package fontspec Info: latinmodern-math scale = 1.000096459334209.


Package fontspec Info: latinmodern-math scale = 0.9999964596882403.


Package fontspec Info: latinmodern-math scale = 1.000096459334209.


Package fontspec Info: latinmodern-math scale = 0.9999964596882403.


Package fontspec Info: latinmodern-math scale = 1.000096459334209.


Package fontspec Info: Font family 'latinmodern-math.otf(2)' created for font
(fontspec)             'latinmodern-math.otf' with options
(fontspec)             [Scale=MatchLowercase,BoldItalicFont={},ItalicFont={},SmallCapsFont={},Script=Math,SizeFeatures={{Size=8.5-},{Size=6-8.5,Font=latinmodern-math.otf,Style=MathScript},{Size=-6,Font=latinmodern-math.otf,Style=MathScriptScript}},BoldFont={latinmodern-math.otf},ScaleAgain=1.0001,FontAdjustment={\fontdimen
(fontspec)             8\font =6.77pt\relax \fontdimen 9\font =3.94pt\relax
(fontspec)             \fontdimen 10\font =4.44pt\relax \fontdimen 11\font
(fontspec)             =6.86pt\relax \fontdimen 12\font =3.45pt\relax
(fontspec)             \fontdimen 13\font =3.63pt\relax \fontdimen 14\font
(fontspec)             =3.63pt\relax \fontdimen 15\font =2.89pt\relax
(fontspec)             \fontdimen 16\font =2.47pt\relax \fontdimen 17\font
(fontspec)             =2.47pt\relax \fontdimen 18\font =2.5pt\relax
(fontspec)             \fontdimen 19\font =2.0pt\relax \fontdimen 22\font
(fontspec)             =2.5pt\relax \fontdimen 20\font =0pt\relax \fontdimen
(fontspec)             21\font =0pt\relax }].
(fontspec)              
(fontspec)              This font family consists of the following NFSS
(fontspec)             series/shapes:
(fontspec)              
(fontspec)             - 'normal' (m/n) with NFSS spec.:
(fontspec)             <8.5->s*[1.000096459334209]"[latinmodern-math.otf]/OT:script=math;language=dflt;"<6-8.5>s*[1.000096459334209]"[latinmodern-math.otf]/OT:script=math;language=dflt;+ssty=0;"<-6>s*[1.000096459334209]"[latinmodern-math.otf]/OT:script=math;language=dflt;+ssty=1;"
(fontspec)             - 'small caps'  (m/sc) with NFSS spec.: 
(fontspec)             and font adjustment code:
(fontspec)             \fontdimen 8\font =6.77pt\relax \fontdimen 9\font
(fontspec)             =3.94pt\relax \fontdimen 10\font =4.44pt\relax
(fontspec)             \fontdimen 11\font =6.86pt\relax \fontdimen 12\font
(fontspec)             =3.45pt\relax \fontdimen 13\font =3.63pt\relax
(fontspec)             \fontdimen 14\font =3.63pt\relax \fontdimen 15\font
(fontspec)             =2.89pt\relax \fontdimen 16\font =2.47pt\relax
(fontspec)             \fontdimen 17\font =2.47pt\relax \fontdimen 18\font
(fontspec)             =2.5pt\relax \fontdimen 19\font =2.0pt\relax \fontdimen
(fontspec)             22\font =2.5pt\relax \fontdimen 20\font =0pt\relax
(fontspec)             \fontdimen 21\font =0pt\relax 
(fontspec)             - 'bold' (b/n) with NFSS spec.:
(fontspec)             <->s*[1.000096459334209]"[latinmodern-math.otf]/OT:script=math;language=dflt;"
(fontspec)             - 'bold small caps'  (b/sc) with NFSS spec.: 
(fontspec)             and font adjustment code:
(fontspec)             \fontdimen 8\font =6.77pt\relax \fontdimen 9\font
(fontspec)             =3.94pt\relax \fontdimen 10\font =4.44pt\relax
(fontspec)             \fontdimen 11\font =6.86pt\relax \fontdimen 12\font
(fontspec)             =3.45pt\relax \fontdimen 13\font =3.63pt\relax
(fontspec)             \fontdimen 14\font =3.63pt\relax \fontdimen 15\font
(fontspec)             =2.89pt\relax \fontdimen 16\font =2.47pt\relax
(fontspec)             \fontdimen 17\font =2.47pt\relax \fontdimen 18\font
(fontspec)             =2.5pt\relax \fontdimen 19\font =2.0pt\relax \fontdimen
(fontspec)             22\font =2.5pt\relax \fontdimen 20\font =0pt\relax
(fontspec)             \fontdimen 21\font =0pt\relax 

LaTeX Font Info:    Encoding `OMS' has changed to `TU' for symbol font
(Font)              `symbols' in the math version `normal' on input line 91.
LaTeX Font Info:    Overwriting symbol font `symbols' in version `normal'
(Font)                  OMS/lmsy/m/n --> TU/latinmodern-math.otf(2)/m/n on input line 91.
LaTeX Font Info:    Encoding `OMS' has changed to `TU' for symbol font
(Font)              `symbols' in the math version `bold' on input line 91.
LaTeX Font Info:    Overwriting symbol font `symbols' in version `bold'
(Font)                  OMS/lmsy/b/n --> TU/latinmodern-math.otf(2)/b/n on input line 91.

Package fontspec Info: latinmodern-math scale = 0.9999964596882403.


Package fontspec Info: latinmodern-math scale = 0.9998964600422715.


Package fontspec Info: latinmodern-math scale = 0.9999964596882403.


Package fontspec Info: latinmodern-math scale = 0.9998964600422715.


Package fontspec Info: latinmodern-math scale = 0.9999964596882403.


Package fontspec Info: latinmodern-math scale = 0.9998964600422715.


Package fontspec Info: latinmodern-math scale = 0.9999964596882403.


Package fontspec Info: latinmodern-math scale = 0.9998964600422715.


Package fontspec Info: latinmodern-math scale = 0.9999964596882403.


Package fontspec Info: latinmodern-math scale = 0.9998964600422715.


Package fontspec Info: Font family 'latinmodern-math.otf(3)' created for font
(fontspec)             'latinmodern-math.otf' with options
(fontspec)             [Scale=MatchLowercase,BoldItalicFont={},ItalicFont={},SmallCapsFont={},Script=Math,SizeFeatures={{Size=8.5-},{Size=6-8.5,Font=latinmodern-math.otf,Style=MathScript},{Size=-6,Font=latinmodern-math.otf,Style=MathScriptScript}},BoldFont={latinmodern-math.otf},ScaleAgain=0.9999,FontAdjustment={\fontdimen
(fontspec)             8\font =0.4pt\relax \fontdimen 9\font =2.0pt\relax
(fontspec)             \fontdimen 10\font =1.67pt\relax \fontdimen 11\font
(fontspec)             =1.11pt\relax \fontdimen 12\font =6.0pt\relax
(fontspec)             \fontdimen 13\font =0pt\relax }].
(fontspec)              
(fontspec)              This font family consists of the following NFSS
(fontspec)             series/shapes:
(fontspec)              
(fontspec)             - 'normal' (m/n) with NFSS spec.:
(fontspec)             <8.5->s*[0.9998964600422715]"[latinmodern-math.otf]/OT:script=math;language=dflt;"<6-8.5>s*[0.9998964600422715]"[latinmodern-math.otf]/OT:script=math;language=dflt;+ssty=0;"<-6>s*[0.9998964600422715]"[latinmodern-math.otf]/OT:script=math;language=dflt;+ssty=1;"
(fontspec)             - 'small caps'  (m/sc) with NFSS spec.: 
(fontspec)             and font adjustment code:
(fontspec)             \fontdimen 8\font =0.4pt\relax \fontdimen 9\font
(fontspec)             =2.0pt\relax \fontdimen 10\font =1.67pt\relax
(fontspec)             \fontdimen 11\font =1.11pt\relax \fontdimen 12\font
(fontspec)             =6.0pt\relax \fontdimen 13\font =0pt\relax 
(fontspec)             - 'bold' (b/n) with NFSS spec.:
(fontspec)             <->s*[0.9998964600422715]"[latinmodern-math.otf]/OT:script=math;language=dflt;"
(fontspec)             - 'bold small caps'  (b/sc) with NFSS spec.: 
(fontspec)             and font adjustment code:
(fontspec)             \fontdimen 8\font =0.4pt\relax \fontdimen 9\font
(fontspec)             =2.0pt\relax \fontdimen 10\font =1.67pt\relax
(fontspec)             \fontdimen 11\font =1.11pt\relax \fontdimen 12\font
(fontspec)             =6.0pt\relax \fontdimen 13\font =0pt\relax 

LaTeX Font Info:    Encoding `OMX' has changed to `TU' for symbol font
(Font)              `largesymbols' in the math version `normal' on input line 91.
LaTeX Font Info:    Overwriting symbol font `largesymbols' in version `normal'
(Font)                  OMX/lmex/m/n --> TU/latinmodern-math.otf(3)/m/n on input line 91.
LaTeX Font Info:    Encoding `OMX' has changed to `TU' for symbol font
(Font)              `largesymbols' in the math version `bold' on input line 91.
LaTeX Font Info:    Overwriting symbol font `largesymbols' in version `bold'
(Font)                  OMX/lmex/m/n --> TU/latinmodern-math.otf(3)/b/n on input line 91.
Package hyperref Info: Link coloring OFF on input line 91.
\@outlinefile=\write3
\openout3 = `bookdown-demo.out'.


Package hyperref Warning: Rerun to get /PageLabels entry.

LaTeX Font Info:    Font shape `TU/latinmodern-math.otf(1)/m/n' will be
(Font)              scaled to size 12.0pt on input line 93.
LaTeX Font Info:    Font shape `TU/latinmodern-math.otf(1)/m/n' will be
(Font)              scaled to size 8.0pt on input line 93.
LaTeX Font Info:    Font shape `TU/latinmodern-math.otf(1)/m/n' will be
(Font)              scaled to size 6.0pt on input line 93.
LaTeX Font Info:    Trying to load font information for OML+lmm on input line 93.
(/Users/jmudge/Library/TinyTeX/texmf-dist/tex/latex/lm/omllmm.fd
File: omllmm.fd 2015/05/01 v1.6.1 Font defs for Latin Modern
)
LaTeX Font Info:    Font shape `TU/latinmodern-math.otf(2)/m/n' will be
(Font)              scaled to size 12.0011pt on input line 93.
LaTeX Font Info:    Font shape `TU/latinmodern-math.otf(2)/m/n' will be
(Font)              scaled to size 8.00073pt on input line 93.
LaTeX Font Info:    Font shape `TU/latinmodern-math.otf(2)/m/n' will be
(Font)              scaled to size 6.00055pt on input line 93.
LaTeX Font Info:    Font shape `TU/latinmodern-math.otf(3)/m/n' will be
(Font)              scaled to size 11.99872pt on input line 93.
LaTeX Font Info:    Font shape `TU/latinmodern-math.otf(3)/m/n' will be
(Font)              scaled to size 7.99915pt on input line 93.
LaTeX Font Info:    Font shape `TU/latinmodern-math.otf(3)/m/n' will be
(Font)              scaled to size 5.99936pt on input line 93.
LaTeX Font Info:    Trying to load font information for U+msa on input line 93.
(/Users/jmudge/Library/TinyTeX/texmf-dist/tex/latex/amsfonts/umsa.fd
File: umsa.fd 2013/01/14 v3.01 AMS symbols A
)
LaTeX Font Info:    Trying to load font information for U+msb on input line 93.
(/Users/jmudge/Library/TinyTeX/texmf-dist/tex/latex/amsfonts/umsb.fd
File: umsb.fd 2013/01/14 v3.01 AMS symbols B
) [1


] [2

]
No file bookdown-demo.toc.
\tf@toc=\write4
\openout4 = `bookdown-demo.toc'.

[3] [4

]
LaTeX Font Info:    Font shape `TU/latinmodern-math.otf(1)/m/n' will be
(Font)              scaled to size 7.0pt on input line 109.
LaTeX Font Info:    Font shape `TU/latinmodern-math.otf(1)/m/n' will be
(Font)              scaled to size 5.0pt on input line 109.
LaTeX Font Info:    Font shape `TU/latinmodern-math.otf(2)/m/n' will be
(Font)              scaled to size 10.00092pt on input line 109.
LaTeX Font Info:    Font shape `TU/latinmodern-math.otf(2)/m/n' will be
(Font)              scaled to size 7.00064pt on input line 109.
LaTeX Font Info:    Font shape `TU/latinmodern-math.otf(2)/m/n' will be
(Font)              scaled to size 5.00046pt on input line 109.
LaTeX Font Info:    Font shape `TU/latinmodern-math.otf(3)/m/n' will be
(Font)              scaled to size 9.99893pt on input line 109.
LaTeX Font Info:    Font shape `TU/latinmodern-math.otf(3)/m/n' will be
(Font)              scaled to size 6.99925pt on input line 109.
LaTeX Font Info:    Font shape `TU/latinmodern-math.otf(3)/m/n' will be
(Font)              scaled to size 4.99947pt on input line 109.

Underfull \hbox (badness 5374) in paragraph at lines 108--110
\TU/lmr/m/n/10 Creative Commons Attribution-NonCommercial-NoDerivatives 4.0 []$[][][][][] []
 []

[5] [6

]
Chapter 1.

Underfull \hbox (badness 1902) in paragraph at lines 116--117
\TU/lmr/bx/n/10 Linux operating system (OS) and Bourne-Again SHell (bash)
 []

File: ./Figures/DirectoryStructure.png Graphic file (type bmp)
<./Figures/DirectoryStructure.png>

Underfull \vbox (badness 10000) has occurred while \output is active []

[7]
File: ./Figures/FinderWindow.png Graphic file (type bmp)
<./Figures/FinderWindow.png>
[8] [9] [10] [11] [12]
Overfull \hbox (17.25pt too wide) in paragraph at lines 584--584
[]\TU/lmtt/m/n/10 scp -P 44111 <user>@gateway.training.ncgr.org:~/linuxc/scp_test.txt .[] 
 []

[13]
Overfull \hbox (6.75pt too wide) in paragraph at lines 607--607
[]\TU/lmtt/m/n/10 scp -P 44111 scp_test.txt <user>@gateway.training.ncgr.org:~/linuxc[] 
 []

[14]
Overfull \hbox (101.25pt too wide) in paragraph at lines 696--696
[]\TU/lmtt/m/n/10 ## lrwxrwxrwx 1 eprice eprice 26 Aug 17 22:50 covid.fasta -> /home/eprice/covid.fasta[] 
 []


Overfull \hbox (111.75pt too wide) in paragraph at lines 720--720
[]\TU/lmtt/m/n/10 ## >NC_045512.2 |Severe acute respiratory syndrome coronavirus 2 isolate Wuhan-Hu-1, co[] 
 []

[15]
Overfull \hbox (111.75pt too wide) in paragraph at lines 768--768
[]\TU/lmtt/m/n/10 ## >NC_045512.2 |Severe acute respiratory syndrome coronavirus 2 isolate Wuhan-Hu-1, co[] 
 []

[16]
Overfull \hbox (101.25pt too wide) in paragraph at lines 803--803
[]\TU/lmtt/m/n/10 ## lrwxrwxrwx 1 eprice eprice 26 Aug 17 22:50 covid.fasta -> /home/eprice/covid.fasta[] 
 []


Overfull \hbox (80.25pt too wide) in paragraph at lines 803--803
[]\TU/lmtt/m/n/10 ## lrwxrwxrwx 1 eprice eprice Aug 17 22:50 SP1.fq -> /home/fds/unix_basics/SP1.fq[] 
 []

[17]
Overfull \hbox (111.75pt too wide) in paragraph at lines 952--952
[]\TU/lmtt/m/n/10 ## >NC_045512.2 |Severe acute respiratory syndrome coronavirus 2 isolate Wuhan-Hu-1, co[] 
 []


Overfull \hbox (111.75pt too wide) in paragraph at lines 952--952
[]\TU/lmtt/m/n/10 ## >MT627325.1 |Severe acute respiratory syndrome coronavirus 2 isolate SARS-CoV-2/huma[] 
 []


Overfull \hbox (111.75pt too wide) in paragraph at lines 952--952
[]\TU/lmtt/m/n/10 ## >MT622319.1 |Severe acute respiratory syndrome coronavirus 2 isolate SARS-CoV-2/huma[] 
 []


Overfull \hbox (111.75pt too wide) in paragraph at lines 952--952
[]\TU/lmtt/m/n/10 ## >MT568634.1 |Severe acute respiratory syndrome coronavirus 2 isolate SARS-CoV-2/huma[] 
 []


Overfull \hbox (111.75pt too wide) in paragraph at lines 952--952
[]\TU/lmtt/m/n/10 ## >MT568635.1 |Severe acute respiratory syndrome coronavirus 2 isolate SARS-CoV-2/huma[] 
 []


Overfull \hbox (111.75pt too wide) in paragraph at lines 952--952
[]\TU/lmtt/m/n/10 ## >MT568636.1 |Severe acute respiratory syndrome coronavirus 2 isolate SARS-CoV-2/huma[] 
 []


Overfull \hbox (111.75pt too wide) in paragraph at lines 952--952
[]\TU/lmtt/m/n/10 ## >MT568637.1 |Severe acute respiratory syndrome coronavirus 2 isolate SARS-CoV-2/huma[] 
 []


Overfull \hbox (111.75pt too wide) in paragraph at lines 952--952
[]\TU/lmtt/m/n/10 ## >MT568638.1 |Severe acute respiratory syndrome coronavirus 2 isolate SARS-CoV-2/huma[] 
 []


Overfull \hbox (111.75pt too wide) in paragraph at lines 952--952
[]\TU/lmtt/m/n/10 ## >MT568639.1 |Severe acute respiratory syndrome coronavirus 2 isolate SARS-CoV-2/huma[] 
 []


Overfull \hbox (111.75pt too wide) in paragraph at lines 952--952
[]\TU/lmtt/m/n/10 ## >MT568640.1 |Severe acute respiratory syndrome coronavirus 2 isolate SARS-CoV-2/huma[] 
 []


Overfull \hbox (111.75pt too wide) in paragraph at lines 952--952
[]\TU/lmtt/m/n/10 ## >MT568641.1 |Severe acute respiratory syndrome coronavirus 2 isolate SARS-CoV-2/huma[] 
 []


Overfull \hbox (111.75pt too wide) in paragraph at lines 952--952
[]\TU/lmtt/m/n/10 ## >MT407649.1 |Severe acute respiratory syndrome coronavirus 2 isolate SARS-CoV-2/huma[] 
 []


Overfull \hbox (111.75pt too wide) in paragraph at lines 952--952
[]\TU/lmtt/m/n/10 ## >MT407650.1 |Severe acute respiratory syndrome coronavirus 2 isolate SARS-CoV-2/huma[] 
 []


Overfull \hbox (111.75pt too wide) in paragraph at lines 952--952
[]\TU/lmtt/m/n/10 ## >MT407651.1 |Severe acute respiratory syndrome coronavirus 2 isolate SARS-CoV-2/huma[] 
 []


Overfull \hbox (111.75pt too wide) in paragraph at lines 952--952
[]\TU/lmtt/m/n/10 ## >MT407652.1 |Severe acute respiratory syndrome coronavirus 2 isolate SARS-CoV-2/huma[] 
 []


Overfull \hbox (111.75pt too wide) in paragraph at lines 952--952
[]\TU/lmtt/m/n/10 ## >MT407653.1 |Severe acute respiratory syndrome coronavirus 2 isolate SARS-CoV-2/huma[] 
 []


Overfull \hbox (111.75pt too wide) in paragraph at lines 952--952
[]\TU/lmtt/m/n/10 ## >MT407654.1 |Severe acute respiratory syndrome coronavirus 2 isolate SARS-CoV-2/huma[] 
 []


Overfull \hbox (111.75pt too wide) in paragraph at lines 952--952
[]\TU/lmtt/m/n/10 ## >MT407655.1 |Severe acute respiratory syndrome coronavirus 2 isolate SARS-CoV-2/huma[] 
 []


Overfull \hbox (111.75pt too wide) in paragraph at lines 952--952
[]\TU/lmtt/m/n/10 ## >MT407656.1 |Severe acute respiratory syndrome coronavirus 2 isolate SARS-CoV-2/huma[] 
 []


Overfull \hbox (111.75pt too wide) in paragraph at lines 952--952
[]\TU/lmtt/m/n/10 ## >MT407657.1 |Severe acute respiratory syndrome coronavirus 2 isolate SARS-CoV-2/huma[] 
 []


Overfull \hbox (111.75pt too wide) in paragraph at lines 952--952
[]\TU/lmtt/m/n/10 ## >MT407658.1 |Severe acute respiratory syndrome coronavirus 2 isolate SARS-CoV-2/huma[] 
 []


Overfull \hbox (111.75pt too wide) in paragraph at lines 952--952
[]\TU/lmtt/m/n/10 ## >MT407659.1 |Severe acute respiratory syndrome coronavirus 2 isolate SARS-CoV-2/huma[] 
 []


Overfull \hbox (111.75pt too wide) in paragraph at lines 952--952
[]\TU/lmtt/m/n/10 ## >MT534630.1 |Severe acute respiratory syndrome coronavirus 2 isolate SARS-CoV-2/huma[] 
 []


Overfull \hbox (111.75pt too wide) in paragraph at lines 952--952
[]\TU/lmtt/m/n/10 ## >MT510727.1 |Severe acute respiratory syndrome coronavirus 2 isolate SARS-CoV-2/huma[] 
 []


Overfull \hbox (111.75pt too wide) in paragraph at lines 952--952
[]\TU/lmtt/m/n/10 ## >MT510728.1 |Severe acute respiratory syndrome coronavirus 2 isolate SARS-CoV-2/huma[] 
 []


Overfull \hbox (111.75pt too wide) in paragraph at lines 952--952
[]\TU/lmtt/m/n/10 ## >MT079843.1 |Severe acute respiratory syndrome coronavirus 2 isolate SARS-CoV-2/huma[] 
 []


Overfull \hbox (111.75pt too wide) in paragraph at lines 952--952
[]\TU/lmtt/m/n/10 ## >MT079844.1 |Severe acute respiratory syndrome coronavirus 2 isolate SARS-CoV-2/huma[] 
 []


Overfull \hbox (111.75pt too wide) in paragraph at lines 952--952
[]\TU/lmtt/m/n/10 ## >MT079845.1 |Severe acute respiratory syndrome coronavirus 2 isolate SARS-CoV-2/huma[] 
 []


Overfull \hbox (111.75pt too wide) in paragraph at lines 952--952
[]\TU/lmtt/m/n/10 ## >MT079846.1 |Severe acute respiratory syndrome coronavirus 2 isolate SARS-CoV-2/huma[] 
 []


Overfull \hbox (111.75pt too wide) in paragraph at lines 952--952
[]\TU/lmtt/m/n/10 ## >MT079847.1 |Severe acute respiratory syndrome coronavirus 2 isolate SARS-CoV-2/huma[] 
 []


Overfull \hbox (111.75pt too wide) in paragraph at lines 952--952
[]\TU/lmtt/m/n/10 ## >MT079848.1 |Severe acute respiratory syndrome coronavirus 2 isolate SARS-CoV-2/huma[] 
 []


Overfull \hbox (111.75pt too wide) in paragraph at lines 952--952
[]\TU/lmtt/m/n/10 ## >MT079849.1 |Severe acute respiratory syndrome coronavirus 2 isolate SARS-CoV-2/huma[] 
 []


Overfull \hbox (111.75pt too wide) in paragraph at lines 952--952
[]\TU/lmtt/m/n/10 ## >MT079850.1 |Severe acute respiratory syndrome coronavirus 2 isolate SARS-CoV-2/huma[] 
 []


Overfull \hbox (111.75pt too wide) in paragraph at lines 952--952
[]\TU/lmtt/m/n/10 ## >MT079851.1 |Severe acute respiratory syndrome coronavirus 2 isolate SARS-CoV-2/huma[] 
 []


Overfull \hbox (111.75pt too wide) in paragraph at lines 952--952
[]\TU/lmtt/m/n/10 ## >MT079852.1 |Severe acute respiratory syndrome coronavirus 2 isolate SARS-CoV-2/huma[] 
 []


Overfull \hbox (111.75pt too wide) in paragraph at lines 952--952
[]\TU/lmtt/m/n/10 ## >MT079853.1 |Severe acute respiratory syndrome coronavirus 2 isolate SARS-CoV-2/huma[] 
 []


Overfull \hbox (111.75pt too wide) in paragraph at lines 952--952
[]\TU/lmtt/m/n/10 ## >MT079854.1 |Severe acute respiratory syndrome coronavirus 2 isolate SARS-CoV-2/huma[] 
 []

[18]
Overfull \hbox (111.75pt too wide) in paragraph at lines 952--952
[]\TU/lmtt/m/n/10 ## >MT446312.1 |Severe acute respiratory syndrome coronavirus 2 isolate SARS-CoV-2/huma[] 
 []


Overfull \hbox (111.75pt too wide) in paragraph at lines 952--952
[]\TU/lmtt/m/n/10 ## >MT412134.1 |Severe acute respiratory syndrome coronavirus 2 isolate SARS-CoV-2/huma[] 
 []


Overfull \hbox (111.75pt too wide) in paragraph at lines 952--952
[]\TU/lmtt/m/n/10 ## >MT396241.1 |Severe acute respiratory syndrome coronavirus 2 isolate SARS-CoV-2/huma[] 
 []


Overfull \hbox (111.75pt too wide) in paragraph at lines 952--952
[]\TU/lmtt/m/n/10 ## >MT039874.1 |Severe acute respiratory syndrome coronavirus 2 isolate SARS-CoV-2/huma[] 
 []


Overfull \hbox (111.75pt too wide) in paragraph at lines 952--952
[]\TU/lmtt/m/n/10 ## >MT281577.1 |Severe acute respiratory syndrome coronavirus 2 isolate SARS-CoV-2/huma[] 
 []


Overfull \hbox (111.75pt too wide) in paragraph at lines 952--952
[]\TU/lmtt/m/n/10 ## >MT291826.1 |Severe acute respiratory syndrome coronavirus 2 isolate SARS-CoV-2/huma[] 
 []


Overfull \hbox (111.75pt too wide) in paragraph at lines 952--952
[]\TU/lmtt/m/n/10 ## >MT291827.1 |Severe acute respiratory syndrome coronavirus 2 isolate SARS-CoV-2/huma[] 
 []


Overfull \hbox (111.75pt too wide) in paragraph at lines 952--952
[]\TU/lmtt/m/n/10 ## >MT291828.1 |Severe acute respiratory syndrome coronavirus 2 isolate SARS-CoV-2/huma[] 
 []


Overfull \hbox (111.75pt too wide) in paragraph at lines 952--952
[]\TU/lmtt/m/n/10 ## >MT291829.1 |Severe acute respiratory syndrome coronavirus 2 isolate SARS-CoV-2/huma[] 
 []


Overfull \hbox (111.75pt too wide) in paragraph at lines 952--952
[]\TU/lmtt/m/n/10 ## >MT291830.1 |Severe acute respiratory syndrome coronavirus 2 isolate SARS-CoV-2/huma[] 
 []


Overfull \hbox (111.75pt too wide) in paragraph at lines 952--952
[]\TU/lmtt/m/n/10 ## >MT291831.1 |Severe acute respiratory syndrome coronavirus 2 isolate SARS-CoV-2/huma[] 
 []


Overfull \hbox (111.75pt too wide) in paragraph at lines 952--952
[]\TU/lmtt/m/n/10 ## >MT291832.1 |Severe acute respiratory syndrome coronavirus 2 isolate SARS-CoV-2/huma[] 
 []


Overfull \hbox (111.75pt too wide) in paragraph at lines 952--952
[]\TU/lmtt/m/n/10 ## >MT291833.1 |Severe acute respiratory syndrome coronavirus 2 isolate SARS-CoV-2/huma[] 
 []


Overfull \hbox (111.75pt too wide) in paragraph at lines 952--952
[]\TU/lmtt/m/n/10 ## >MT291834.1 |Severe acute respiratory syndrome coronavirus 2 isolate SARS-CoV-2/huma[] 
 []


Overfull \hbox (111.75pt too wide) in paragraph at lines 952--952
[]\TU/lmtt/m/n/10 ## >MT291835.2 |Severe acute respiratory syndrome coronavirus 2 isolate SARS-CoV-2/huma[] 
 []


Overfull \hbox (111.75pt too wide) in paragraph at lines 952--952
[]\TU/lmtt/m/n/10 ## >MT291836.1 |Severe acute respiratory syndrome coronavirus 2 isolate SARS-CoV-2/huma[] 
 []


Overfull \hbox (111.75pt too wide) in paragraph at lines 952--952
[]\TU/lmtt/m/n/10 ## >MT259226.1 |Severe acute respiratory syndrome coronavirus 2 isolate SARS-CoV-2/huma[] 
 []


Overfull \hbox (111.75pt too wide) in paragraph at lines 952--952
[]\TU/lmtt/m/n/10 ## >MT259227.1 |Severe acute respiratory syndrome coronavirus 2 isolate SARS-CoV-2/huma[] 
 []


Overfull \hbox (111.75pt too wide) in paragraph at lines 952--952
[]\TU/lmtt/m/n/10 ## >MT259228.1 |Severe acute respiratory syndrome coronavirus 2 isolate SARS-CoV-2/huma[] 
 []


Overfull \hbox (111.75pt too wide) in paragraph at lines 952--952
[]\TU/lmtt/m/n/10 ## >MT259229.1 |Severe acute respiratory syndrome coronavirus 2 isolate SARS-CoV-2/huma[] 
 []


Overfull \hbox (111.75pt too wide) in paragraph at lines 952--952
[]\TU/lmtt/m/n/10 ## >MT259230.1 |Severe acute respiratory syndrome coronavirus 2 isolate SARS-CoV-2/huma[] 
 []


Overfull \hbox (111.75pt too wide) in paragraph at lines 952--952
[]\TU/lmtt/m/n/10 ## >MT259231.1 |Severe acute respiratory syndrome coronavirus 2 isolate SARS-CoV-2/huma[] 
 []


Overfull \hbox (111.75pt too wide) in paragraph at lines 952--952
[]\TU/lmtt/m/n/10 ## >MT253696.1 |Severe acute respiratory syndrome coronavirus 2 isolate SARS-CoV-2/huma[] 
 []


Overfull \hbox (111.75pt too wide) in paragraph at lines 952--952
[]\TU/lmtt/m/n/10 ## >MT253697.1 |Severe acute respiratory syndrome coronavirus 2 isolate SARS-CoV-2/huma[] 
 []


Overfull \hbox (111.75pt too wide) in paragraph at lines 952--952
[]\TU/lmtt/m/n/10 ## >MT253698.1 |Severe acute respiratory syndrome coronavirus 2 isolate SARS-CoV-2/huma[] 
 []


Overfull \hbox (111.75pt too wide) in paragraph at lines 952--952
[]\TU/lmtt/m/n/10 ## >MT253699.1 |Severe acute respiratory syndrome coronavirus 2 isolate SARS-CoV-2/huma[] 
 []


Overfull \hbox (111.75pt too wide) in paragraph at lines 952--952
[]\TU/lmtt/m/n/10 ## >MT253700.1 |Severe acute respiratory syndrome coronavirus 2 isolate SARS-CoV-2/huma[] 
 []


Overfull \hbox (111.75pt too wide) in paragraph at lines 952--952
[]\TU/lmtt/m/n/10 ## >MT253701.1 |Severe acute respiratory syndrome coronavirus 2 isolate SARS-CoV-2/huma[] 
 []


Overfull \hbox (111.75pt too wide) in paragraph at lines 952--952
[]\TU/lmtt/m/n/10 ## >MT253702.1 |Severe acute respiratory syndrome coronavirus 2 isolate SARS-CoV-2/huma[] 
 []


Overfull \hbox (111.75pt too wide) in paragraph at lines 952--952
[]\TU/lmtt/m/n/10 ## >MT253703.1 |Severe acute respiratory syndrome coronavirus 2 isolate SARS-CoV-2/huma[] 
 []


Overfull \hbox (111.75pt too wide) in paragraph at lines 952--952
[]\TU/lmtt/m/n/10 ## >MT253704.1 |Severe acute respiratory syndrome coronavirus 2 isolate SARS-CoV-2/huma[] 
 []


Overfull \hbox (111.75pt too wide) in paragraph at lines 952--952
[]\TU/lmtt/m/n/10 ## >MT253705.1 |Severe acute respiratory syndrome coronavirus 2 isolate SARS-CoV-2/huma[] 
 []


Overfull \hbox (111.75pt too wide) in paragraph at lines 952--952
[]\TU/lmtt/m/n/10 ## >MT253706.1 |Severe acute respiratory syndrome coronavirus 2 isolate SARS-CoV-2/huma[] 
 []


Overfull \hbox (111.75pt too wide) in paragraph at lines 952--952
[]\TU/lmtt/m/n/10 ## >MT253707.1 |Severe acute respiratory syndrome coronavirus 2 isolate SARS-CoV-2/huma[] 
 []


Overfull \hbox (111.75pt too wide) in paragraph at lines 952--952
[]\TU/lmtt/m/n/10 ## >MT253708.1 |Severe acute respiratory syndrome coronavirus 2 isolate SARS-CoV-2/huma[] 
 []


Overfull \hbox (111.75pt too wide) in paragraph at lines 952--952
[]\TU/lmtt/m/n/10 ## >MT253709.1 |Severe acute respiratory syndrome coronavirus 2 isolate SARS-CoV-2/huma[] 
 []


Overfull \hbox (111.75pt too wide) in paragraph at lines 952--952
[]\TU/lmtt/m/n/10 ## >MT253710.1 |Severe acute respiratory syndrome coronavirus 2 isolate SARS-CoV-2/huma[] 
 []


Overfull \hbox (111.75pt too wide) in paragraph at lines 952--952
[]\TU/lmtt/m/n/10 ## >MT226610.1 |Severe acute respiratory syndrome coronavirus 2 isolate SARS-CoV-2/huma[] 
 []


Overfull \hbox (111.75pt too wide) in paragraph at lines 952--952
[]\TU/lmtt/m/n/10 ## >MT121215.1 |Severe acute respiratory syndrome coronavirus 2 isolate SARS-CoV-2/huma[] 
 []


Overfull \hbox (111.75pt too wide) in paragraph at lines 952--952
[]\TU/lmtt/m/n/10 ## >MT135041.1 |Severe acute respiratory syndrome coronavirus 2 isolate SARS-CoV-2/huma[] 
 []


Overfull \hbox (111.75pt too wide) in paragraph at lines 952--952
[]\TU/lmtt/m/n/10 ## >MT135042.1 |Severe acute respiratory syndrome coronavirus 2 isolate SARS-CoV-2/huma[] 
 []


Overfull \hbox (111.75pt too wide) in paragraph at lines 952--952
[]\TU/lmtt/m/n/10 ## >MT135043.1 |Severe acute respiratory syndrome coronavirus 2 isolate SARS-CoV-2/huma[] 
 []


Overfull \hbox (111.75pt too wide) in paragraph at lines 952--952
[]\TU/lmtt/m/n/10 ## >MT135044.1 |Severe acute respiratory syndrome coronavirus 2 isolate SARS-CoV-2/huma[] 
 []


Overfull \hbox (111.75pt too wide) in paragraph at lines 952--952
[]\TU/lmtt/m/n/10 ## >MT123290.1 |Severe acute respiratory syndrome coronavirus 2 isolate SARS-CoV-2/huma[] 
 []


Overfull \hbox (111.75pt too wide) in paragraph at lines 952--952
[]\TU/lmtt/m/n/10 ## >MT123291.2 |Severe acute respiratory syndrome coronavirus 2 isolate SARS-CoV-2/huma[] 
 []


Overfull \hbox (111.75pt too wide) in paragraph at lines 952--952
[]\TU/lmtt/m/n/10 ## >MT123292.2 |Severe acute respiratory syndrome coronavirus 2 isolate SARS-CoV-2/huma[] 
 []

[19]
Overfull \hbox (111.75pt too wide) in paragraph at lines 952--952
[]\TU/lmtt/m/n/10 ## >MT123293.2 |Severe acute respiratory syndrome coronavirus 2 isolate SARS-CoV-2/huma[] 
 []


Overfull \hbox (111.75pt too wide) in paragraph at lines 952--952
[]\TU/lmtt/m/n/10 ## >MT093631.2 |Severe acute respiratory syndrome coronavirus 2 isolate SARS-CoV-2/huma[] 
 []


Overfull \hbox (111.75pt too wide) in paragraph at lines 952--952
[]\TU/lmtt/m/n/10 ## >MT049951.1 |Severe acute respiratory syndrome coronavirus 2 isolate SARS-CoV-2/huma[] 
 []


Overfull \hbox (106.5pt too wide) in paragraph at lines 952--952
[]\TU/lmtt/m/n/10 ## >MT039873.1 |Severe acute respiratory syndrome coronavirus 2 isolate HZ-1, complete[] 
 []


Overfull \hbox (111.75pt too wide) in paragraph at lines 952--952
[]\TU/lmtt/m/n/10 ## >MT019529.1 |Severe acute respiratory syndrome coronavirus 2 isolate BetaCoV/Wuhan/I[] 
 []


Overfull \hbox (111.75pt too wide) in paragraph at lines 952--952
[]\TU/lmtt/m/n/10 ## >MT019530.1 |Severe acute respiratory syndrome coronavirus 2 isolate BetaCoV/Wuhan/I[] 
 []


Overfull \hbox (111.75pt too wide) in paragraph at lines 952--952
[]\TU/lmtt/m/n/10 ## >MT019531.1 |Severe acute respiratory syndrome coronavirus 2 isolate BetaCoV/Wuhan/I[] 
 []


Overfull \hbox (111.75pt too wide) in paragraph at lines 952--952
[]\TU/lmtt/m/n/10 ## >MT019532.1 |Severe acute respiratory syndrome coronavirus 2 isolate BetaCoV/Wuhan/I[] 
 []


Overfull \hbox (111.75pt too wide) in paragraph at lines 952--952
[]\TU/lmtt/m/n/10 ## >MT019533.1 |Severe acute respiratory syndrome coronavirus 2 isolate BetaCoV/Wuhan/I[] 
 []


Overfull \hbox (111.75pt too wide) in paragraph at lines 952--952
[]\TU/lmtt/m/n/10 ## >MN996527.1 |Severe acute respiratory syndrome coronavirus 2 isolate WIV02, complete[] 
 []


Overfull \hbox (111.75pt too wide) in paragraph at lines 952--952
[]\TU/lmtt/m/n/10 ## >MN996528.1 |Severe acute respiratory syndrome coronavirus 2 isolate WIV04, complete[] 
 []


Overfull \hbox (111.75pt too wide) in paragraph at lines 952--952
[]\TU/lmtt/m/n/10 ## >MN996529.1 |Severe acute respiratory syndrome coronavirus 2 isolate WIV05, complete[] 
 []


Overfull \hbox (111.75pt too wide) in paragraph at lines 952--952
[]\TU/lmtt/m/n/10 ## >MN996530.1 |Severe acute respiratory syndrome coronavirus 2 isolate WIV06, complete[] 
 []


Overfull \hbox (111.75pt too wide) in paragraph at lines 952--952
[]\TU/lmtt/m/n/10 ## >MN996531.1 |Severe acute respiratory syndrome coronavirus 2 isolate WIV07, complete[] 
 []


Overfull \hbox (111.75pt too wide) in paragraph at lines 952--952
[]\TU/lmtt/m/n/10 ## >MN988668.1 |Severe acute respiratory syndrome coronavirus 2 isolate 2019-nCoV WHU01[] 
 []


Overfull \hbox (111.75pt too wide) in paragraph at lines 952--952
[]\TU/lmtt/m/n/10 ## >MN988669.1 |Severe acute respiratory syndrome coronavirus 2 isolate 2019-nCoV WHU02[] 
 []


Overfull \hbox (111.75pt too wide) in paragraph at lines 952--952
[]\TU/lmtt/m/n/10 ## >MN938384.1 |Severe acute respiratory syndrome coronavirus 2 isolate 2019-nCoV_HKU-S[] 
 []


Overfull \hbox (111.75pt too wide) in paragraph at lines 952--952
[]\TU/lmtt/m/n/10 ## >MN975262.1 |Severe acute respiratory syndrome coronavirus 2 isolate 2019-nCoV_HKU-S[] 
 []


Overfull \hbox (111.75pt too wide) in paragraph at lines 952--952
[]\TU/lmtt/m/n/10 ## >MN908947.3 |Severe acute respiratory syndrome coronavirus 2 isolate Wuhan-Hu-1, com[] 
 []

[20]
Overfull \hbox (54.0pt too wide) in paragraph at lines 1017--1017
[]\TU/lmtt/m/n/10 cp /home/fds/unix_basics/table1.txt.gz /home/<user>/linuxczcat table1.txt.gz[] 
 []

[21] [22] [23]
File: ./Figures/awk.png Graphic file (type bmp)
<./Figures/awk.png>
[24] [25] [26]
Overfull \hbox (111.75pt too wide) in paragraph at lines 1429--1429
[]\TU/lmtt/m/n/10 ## lrwxrwxrwx 1 elavelle elavelle 28 Aug 17 22:50 SP1.fq -> /home/fds/unix_basics/SP1.f[] 
 []

[27] [28]
Chapter 2.

Overfull \hbox (24.445pt too wide) in paragraph at lines 1503--1505
[]\TU/lmr/m/n/10 Copy the file pandemics.csv from this directory: /home/jm/linux_practice/
 []

[29

]
Overfull \hbox (369.0pt too wide) in paragraph at lines 1548--1548
[]\TU/lmtt/m/n/10 3. cp /home/jm/linux_practice/pandemics.csv . [Don't forget the space and period at the end; the period says to name it the same thing.][] 
 []


Overfull \hbox (101.25pt too wide) in paragraph at lines 1548--1548
[]\TU/lmtt/m/n/10 4. cat table1.diff.txt [you could also use more, less, head, tail, or other commands][] 
 []


Overfull \hbox (80.25pt too wide) in paragraph at lines 1548--1548
[]     \TU/lmtt/m/n/10 [Note that you can also use: "cut -d, -f2 pandemics.csv" for the first step][] 
 []


Overfull \hbox (54.0pt too wide) in paragraph at lines 1548--1548
[]\TU/lmtt/m/n/10 9. grep -i plague sort.pandemics.csv | awk -F, '{print $2}' | sort | uniq -c[] 
 []


Overfull \hbox (48.005pt too wide) in paragraph at lines 1559--1561
[]\TU/lmr/m/n/10 Copy the file owid-covid-data.csv from this directory: /home/jm/linux_practice/
 []

[30]
Underfull \hbox (badness 10000) in paragraph at lines 1572--1573

 []


Underfull \hbox (badness 10000) in paragraph at lines 1590--1591

 []


Underfull \hbox (badness 10000) in paragraph at lines 1606--1607

 []

[31]
Underfull \hbox (badness 10000) in paragraph at lines 1635--1636

 []


Underfull \hbox (badness 10000) in paragraph at lines 1655--1656

 []


Overfull \hbox (18.56503pt too wide) in paragraph at lines 1668--1669
[]\TU/lmr/m/n/10 Hint: Use sed to remove the dashes then awk with $2>=20200301&&$2<=20200930. 
 []


Underfull \hbox (badness 10000) in paragraph at lines 1674--1675

 []


Overfull \hbox (148.35002pt too wide) in paragraph at lines 1686--1687
[]\TU/lmr/m/n/10 sed s/-//g usbeds.csv | sed s/-//g |awk -F, $2>=20200301&&$2<=20200930{SUM+=$3;CNT+=1}END{print
 []

[32]
Underfull \hbox (badness 10000) in paragraph at lines 1688--1689

 []


Overfull \hbox (80.25pt too wide) in paragraph at lines 1723--1723
[]\TU/lmtt/m/n/10 15. cut -d, -f 3,4,60 owid-covid-data.csv | grep 2020-01-03 > beds.2020-01-03.csv[] 
 []


Overfull \hbox (69.75pt too wide) in paragraph at lines 1723--1723
[]\TU/lmtt/m/n/10 19. cut -d, -f 3,4,60 owid-covid-data.csv | grep "^United States," > usbeds.csv[] 
 []


Overfull \hbox (111.75pt too wide) in paragraph at lines 1723--1723
[]\TU/lmtt/m/n/10 21. sed 's/-//g' usbeds.csv | sed 's/-//g' |awk -F, '$2>=20200301&&$2<=20200930{print}'[] 
 []


Overfull \hbox (253.5pt too wide) in paragraph at lines 1723--1723
[]\TU/lmtt/m/n/10 22. sed 's/-//g' usbeds.csv | sed 's/-//g' |awk -F, '$2>=20200301&&$2<=20200930{SUM+=$3;CNT+=1}END{print SUM/CNT}'[] 
 []

[33]
Overfull \hbox (43.5pt too wide) in paragraph at lines 1746--1746
[]    \TU/lmtt/m/n/10 head -1 owid-covid-data.csv | sed 's/,/\n/g' |awk '{print NR "\t" $1}'[] 
 []

[34]
Chapter 3.
[35

]
Overfull \hbox (185.25pt too wide) in paragraph at lines 1810--1810
[]\TU/lmtt/m/n/10 Hint: Use "^$" in grep to find lines that have nothing between the start "^" and end "$" of the line.[] 
 []


Overfull \hbox (75.0pt too wide) in paragraph at lines 1828--1828
[]  \TU/lmtt/m/n/10 5) grab the first and last lines--you need the parentheses: (head -1; tail -1)[] 
 []


Overfull \hbox (85.5pt too wide) in paragraph at lines 1847--1847
[]      \TU/lmtt/m/n/10 grep $i sequences.fasta | cut -f 3 -d '|' | grep -v "^$" | sort -n | head -1[] 
 []


Underfull \hbox (badness 10000) in paragraph at lines 1849--1850

 []

[36] [37]
Overfull \hbox (132.75pt too wide) in paragraph at lines 1909--1909
[]\TU/lmtt/m/n/10 9. grep '>' sequences.fasta | cut -f 3 -d '|' | grep -v "^$" | sort -n | (head -1; tail -1)[] 
 []


Overfull \hbox (43.5pt too wide) in paragraph at lines 1909--1909
[]\TU/lmtt/m/n/10 10. The first is for the earliest date and the second for the latest date.[] 
 []


Overfull \hbox (64.5pt too wide) in paragraph at lines 1909--1909
[]  \TU/lmtt/m/n/10 grep $i sequences.fasta | cut -f 3 -d '|' | grep -v "^$" | sort -n | head -1[] 
 []


Overfull \hbox (64.5pt too wide) in paragraph at lines 1909--1909
[]  \TU/lmtt/m/n/10 grep $i sequences.fasta | cut -f 3 -d '|' | grep -v "^$" | sort -n | tail -1[] 
 []

[38]
Underfull \hbox (badness 10000) in paragraph at lines 1949--1950

 []


Overfull \hbox (6.75pt too wide) in paragraph at lines 1964--1964
[]\TU/lmtt/m/n/10 2) Remove the greater than sign at the beginning of the header line[] 
 []


Overfull \hbox (27.75pt too wide) in paragraph at lines 1964--1964
[]\TU/lmtt/m/n/10 3) Replace the pipes with tabs (Hint: In sed use \t to represent a tab)[] 
 []


Overfull \hbox (295.5pt too wide) in paragraph at lines 1964--1964
[]\TU/lmtt/m/n/10 4) Make the date numeric by replacing the dashes. The sed command below will allow you to replace dashes only in the date.[] 
 []

[39]
Overfull \hbox (64.5pt too wide) in paragraph at lines 2022--2022
[]\TU/lmtt/m/n/10 dns = read.table("Denmark_Norway_Sweden_seq_info.txt", header=FALSE, sep="\t")[] 
 []


Overfull \hbox (479.25pt too wide) in paragraph at lines 2043--2043
[]\TU/lmtt/m/n/10 colnames(dns) = c("Accession", "Genbank_Title", "Collection_Date", "Country", "GEO_Location", "Length", "Pangolin_Variant", "SRA_Accession", "Sequence_Type")[] 
 []

[40]
Overfull \hbox (285.0pt too wide) in paragraph at lines 2076--2076
[]                                                                                                           \TU/lmtt/m/n/10 Genbank Title[] 
 []


Overfull \hbox (285.0pt too wide) in paragraph at lines 2076--2076
[]\TU/lmtt/m/n/10 1                  Severe acute respiratory syndrome coronavirus 2 isolate SARS-CoV-2/human/NOR/P9/2020, complete genome[] 
 []


Overfull \hbox (285.0pt too wide) in paragraph at lines 2076--2076
[]\TU/lmtt/m/n/10 2             Severe acute respiratory syndrome coronavirus 2 isolate SARS-CoV-2/human/DNK/DK-AHH8/2022, complete genome[] 
 []


Overfull \hbox (285.0pt too wide) in paragraph at lines 2076--2076
[]\TU/lmtt/m/n/10 3 Severe acute respiratory syndrome coronavirus 2 isolate SARS-CoV-2/human/SWE/01_SE100_21CS503718/2020, complete genome[] 
 []


Overfull \hbox (285.0pt too wide) in paragraph at lines 2076--2076
[]\TU/lmtt/m/n/10 4 Severe acute respiratory syndrome coronavirus 2 isolate SARS-CoV-2/human/SWE/01_SE100_21CS504474/2020, complete genome[] 
 []


Overfull \hbox (285.0pt too wide) in paragraph at lines 2076--2076
[]\TU/lmtt/m/n/10 5 Severe acute respiratory syndrome coronavirus 2 isolate SARS-CoV-2/human/SWE/01_SE100_21CS503085/2020, complete genome[] 
 []


Overfull \hbox (285.0pt too wide) in paragraph at lines 2076--2076
[]\TU/lmtt/m/n/10 6 Severe acute respiratory syndrome coronavirus 2 isolate SARS-CoV-2/human/SWE/01_SE100_21CS502014/2020, complete genome[] 
 []


Overfull \hbox (54.0pt too wide) in paragraph at lines 2076--2076
[]  \TU/lmtt/m/n/10 Collection Date Country GEO Location Length Pangolin Variant SRA Accession[] 
 []


Underfull \hbox (badness 10000) in paragraph at lines 2078--2079

 []

[41]
Underfull \hbox (badness 1189) in paragraph at lines 2088--2089
[]\TU/lmr/m/n/10 The gglot2 library allows you to have a large amount of control over
 []


Underfull \hbox (badness 1478) in paragraph at lines 2088--2089
\TU/lmr/m/n/10 nearly all aspects of the plot. It also allows you to plot in layers,
 []


Underfull \hbox (badness 10000) in paragraph at lines 2088--2089
\TU/lmr/m/n/10 of Graphics ([]$[][][][][] [] [] [] [][][][][][][][][][][][][][][][][][] [] [][][] [] [] [][] [][][][][][][][][][][][][] [][] [][][][][] [][] [][] [][]
 []


Underfull \hbox (badness 10000) in paragraph at lines 2088--2089
[][][] [][] [][][][][][][] [][] [][] [][] [][][][][][][][] [][] [][][] [][] [][][][][][][][][] [][] [][][][][][][][][][][][][] [][] [][] [][] [][][][][] [][] [][][][][][][][][][][] [][]
 []


Underfull \hbox (badness 10000) in paragraph at lines 2088--2089
[][][][][][][][][][][][]$[] \TU/lmr/m/n/10 and []$[][][][][] [] [] [] [][][] [] [][][][][] [] [][][] [] [][][][][][] [] [][][] [] [][][][][][][][] [] [][][] [] [][][][] []
 []


Overfull \hbox (32.99998pt too wide) in paragraph at lines 2088--2089
[][][][][] [] [][][][][][][][][][][][][][][][] [] [][][][][][][][][][][][][][][][][][][][][][][][][][][][][][][][][][][][][][] []
 []


Overfull \hbox (112.96999pt too wide) in paragraph at lines 2088--2089
[][][][][][][][][][][][][][][][][][][][][][][][][][][][][][][][][][][][][][][][][][] [] [][][][][][][][][][][][][][][][][][][][][][][][][][][][][][][][][][]$[]\TU/lmr/m/n/10 )
 []

File: ./Figures/dates_histogram.png Graphic file (type bmp)
<./Figures/dates_histogram.png>
[42]
Overfull \hbox (75.0pt too wide) in paragraph at lines 2118--2118
[]\TU/lmtt/m/n/10 ggplot(dns, aes(x=Length,y=Pangolin_Variant)) + geom_point() + xlim(29500,30000)[] 
 []

File: ./Figures/lengthxvariants.png Graphic file (type bmp)
<./Figures/lengthxvariants.png>

Overfull \hbox (148.5pt too wide) in paragraph at lines 2130--2130
[]\TU/lmtt/m/n/10 ggplot(dns, aes(x=Length,y=Pangolin_Variant,color=Country)) + geom_point() + xlim(29500,30000)[] 
 []

File: ./Figures/lengthxvariants.color.png Graphic file (type bmp)
<./Figures/lengthxvariants.color.png>

Underfull \vbox (badness 4391) has occurred while \output is active []

[43]
Overfull \hbox (390.0pt too wide) in paragraph at lines 2182--2182
[]\TU/lmtt/m/n/10 11. grep '>' sequences.fasta | sed 's/>//'|sed 's/|/\t/g'|sed -E 's/([0-9]+)-([0-9]+)-([0-9]+)/\1\2\3/' > Denmark_Norway_Sweden_seq_info.txt[] 
 []


Overfull \hbox (222.0pt too wide) in paragraph at lines 2182--2182
[]\TU/lmtt/m/n/10 13. The header arguement determines whether you have a header line in your file with the names of variables.[] 
 []


Overfull \hbox (967.5pt too wide) in paragraph at lines 2182--2182
[]\TU/lmtt/m/n/10 While the header default is false, if you don't explicitly put in header=FALSE, it might decide that there is a header line if the first row has one fewer field than the rest. I like to explicitly tell read.table whether there is a header row or not.[] 
 []

[44]
Overfull \hbox (1613.25pt too wide) in paragraph at lines 2182--2182
[]\TU/lmtt/m/n/10 The sep default is blank ("") and means white space. In other words, read.table will split the file up on one or more spaces, tabs, etc. With tab-delimitted files, you don't normally have to specify the tab variable but since we also have spaces in some of our fields, if we keep sep as whitespace, it will separate on all the spaces as well. So we will need to specify it.[] 
 []


Overfull \hbox (90.75pt too wide) in paragraph at lines 2182--2182
[]\TU/lmtt/m/n/10 ggplot(dns, aes(x=Collection_Date,y=Pangolin_Variant,color=Country)) + geom_point()[] 
 []

[45] [46

]
Chapter 4.

LaTeX Warning: File `./Figures/INBRE_Logo_Grad_transparent-2019.png' not found on input line 2189.

! Unable to load picture or PDF file './Figures/INBRE_Logo_Grad_transparent-2019.png'.
<to be read again> 
                   }
l.2189 ...es/INBRE_Logo_Grad_transparent-2019.png}
                                                   
Here is how much of TeX's memory you used:
 17062 strings out of 478683
 315926 string characters out of 5848124
 1862018 words of memory out of 5000000
 36928 multiletter control sequences out of 15000+600000
 518746 words of font info for 86 fonts, out of 8000000 for 9000
 14 hyphenation exceptions out of 8191
 86i,6n,121p,889b,476s stack positions out of 10000i,1000n,20000p,200000b,200000s

Output written on bookdown-demo.pdf (46 pages).
